TN:
SF:js\adicionar.js
FN:3,addEventListener
FN:4,(anonymous_1)
FNF:2
FNH:2
FNDA:1,addEventListener
FNDA:1,(anonymous_1)
DA:1,1
DA:4,1
DA:5,1
DA:6,1
DA:7,1
DA:8,1
DA:10,1
DA:11,1
DA:18,1
LF:9
LH:9
BRF:0
BRH:0
end_of_record
TN:
SF:js\atualizarvagas.js
FN:5,atualizarVagas
FNF:1
FNH:1
FNDA:1,atualizarVagas
DA:1,1
DA:3,1
DA:6,1
DA:8,1
DA:9,1
DA:10,1
DA:11,1
DA:12,1
DA:14,0
DA:15,0
DA:17,1
DA:21,1
LF:12
LH:10
BRF:0
BRH:0
end_of_record
TN:
SF:js\autopark1.js
FN:2,(anonymous_0)
FN:12,(anonymous_1)
FN:27,(anonymous_2)
FN:36,(anonymous_3)
FNF:4
FNH:4
FNDA:2,(anonymous_0)
FNDA:1,(anonymous_1)
FNDA:1,(anonymous_2)
FNDA:2,(anonymous_3)
DA:2,1
DA:3,2
DA:4,2
DA:5,2
DA:6,1
DA:9,1
DA:12,1
DA:13,1
DA:14,1
DA:15,1
DA:16,1
DA:18,1
DA:22,0
DA:27,1
DA:28,1
DA:29,1
DA:30,1
DA:33,0
DA:36,1
DA:37,2
DA:38,2
DA:39,1
DA:42,1
DA:46,1
LF:24
LH:22
BRF:0
BRH:0
end_of_record
TN:
SF:js\excluir.js
FN:1,(anonymous_0)
FNF:1
FNH:1
FNDA:2,(anonymous_0)
DA:1,1
DA:2,2
DA:3,2
DA:4,1
DA:7,1
DA:11,1
LF:6
LH:6
BRF:0
BRH:0
end_of_record
